mode: set
sla-monitor/internal/config/confg.go:18.50,22.45 3 0
sla-monitor/internal/config/confg.go:22.45,23.55 1 0
sla-monitor/internal/config/confg.go:23.56,24.4 0 0
sla-monitor/internal/config/confg.go:24.9,26.4 1 0
sla-monitor/internal/config/confg.go:29.2,30.46 2 0
sla-monitor/internal/config/confg.go:30.46,32.3 1 0
sla-monitor/internal/config/confg.go:33.2,33.18 1 0
sla-monitor/cmd/sla-monitor/main.go:25.13,30.48 1 0
sla-monitor/cmd/sla-monitor/main.go:30.48,40.18 7 0
sla-monitor/cmd/sla-monitor/main.go:40.18,43.5 2 0
sla-monitor/cmd/sla-monitor/main.go:46.4,61.16 11 0
sla-monitor/cmd/sla-monitor/main.go:66.2,73.42 7 0
sla-monitor/cmd/sla-monitor/main.go:73.42,76.3 2 0
sla-monitor/internal/monitor/monitor.go:29.46,35.2 1 0
sla-monitor/internal/monitor/monitor.go:37.27,43.6 6 0
sla-monitor/internal/monitor/monitor.go:43.6,44.10 1 0
sla-monitor/internal/monitor/monitor.go:45.19,47.43 2 0
sla-monitor/internal/monitor/monitor.go:47.43,49.5 1 0
sla-monitor/internal/monitor/monitor.go:50.4,50.15 1 0
sla-monitor/internal/monitor/monitor.go:51.19,52.10 1 0
sla-monitor/internal/monitor/monitor.go:57.31,71.42 10 0
sla-monitor/internal/monitor/monitor.go:71.42,73.3 1 0
sla-monitor/internal/monitor/monitor.go:73.8,75.3 1 0
sla-monitor/internal/monitor/monitor.go:77.2,77.17 1 0
sla-monitor/internal/monitor/monitor.go:77.17,79.3 1 0
sla-monitor/internal/monitor/monitor.go:82.26,85.2 2 0
sla-monitor/internal/monitor/monitor.go:87.28,98.65 8 0
sla-monitor/internal/monitor/monitor.go:98.65,101.3 2 0
sla-monitor/internal/monitor/monitor.go:104.2,104.69 1 0
sla-monitor/internal/monitor/monitor.go:104.69,107.3 2 0
sla-monitor/internal/monitor/monitor.go:110.2,110.67 1 0
sla-monitor/internal/monitor/monitor.go:110.67,113.42 3 0
sla-monitor/internal/monitor/monitor.go:113.42,113.74 1 0
sla-monitor/internal/monitor/monitor.go:115.3,116.49 2 0
sla-monitor/internal/monitor/monitor.go:116.49,118.28 2 0
sla-monitor/internal/monitor/monitor.go:118.28,120.5 1 0
sla-monitor/internal/monitor/monitor.go:121.4,121.50 1 0
sla-monitor/internal/monitor/monitor.go:126.49,127.26 1 0
sla-monitor/internal/monitor/monitor.go:127.26,128.16 1 0
sla-monitor/internal/monitor/monitor.go:128.16,130.4 1 0
sla-monitor/internal/monitor/monitor.go:132.2,132.14 1 0
sla-monitor/cmd/sla-monitor/main.go:25.13,30.48 1 0
sla-monitor/cmd/sla-monitor/main.go:30.48,40.18 7 0
sla-monitor/cmd/sla-monitor/main.go:40.18,43.5 2 0
sla-monitor/cmd/sla-monitor/main.go:46.4,61.16 11 0
sla-monitor/cmd/sla-monitor/main.go:66.2,73.42 7 0
sla-monitor/cmd/sla-monitor/main.go:73.42,76.3 2 0
sla-monitor/internal/config/confg.go:18.50,22.45 3 0
sla-monitor/internal/config/confg.go:22.45,23.55 1 0
sla-monitor/internal/config/confg.go:23.56,24.4 0 0
sla-monitor/internal/config/confg.go:24.9,26.4 1 0
sla-monitor/internal/config/confg.go:29.2,30.46 2 0
sla-monitor/internal/config/confg.go:30.46,32.3 1 0
sla-monitor/internal/config/confg.go:33.2,33.18 1 0
sla-monitor/internal/monitor/monitor.go:29.46,35.2 1 0
sla-monitor/internal/monitor/monitor.go:37.27,43.6 6 0
sla-monitor/internal/monitor/monitor.go:43.6,44.10 1 0
sla-monitor/internal/monitor/monitor.go:45.19,47.43 2 0
sla-monitor/internal/monitor/monitor.go:47.43,49.5 1 0
sla-monitor/internal/monitor/monitor.go:50.4,50.15 1 0
sla-monitor/internal/monitor/monitor.go:51.19,52.10 1 0
sla-monitor/internal/monitor/monitor.go:57.31,71.42 10 0
sla-monitor/internal/monitor/monitor.go:71.42,73.3 1 0
sla-monitor/internal/monitor/monitor.go:73.8,75.3 1 0
sla-monitor/internal/monitor/monitor.go:77.2,77.17 1 0
sla-monitor/internal/monitor/monitor.go:77.17,79.3 1 0
sla-monitor/internal/monitor/monitor.go:82.26,85.2 2 0
sla-monitor/internal/monitor/monitor.go:87.28,98.65 8 0
sla-monitor/internal/monitor/monitor.go:98.65,101.3 2 0
sla-monitor/internal/monitor/monitor.go:104.2,104.69 1 0
sla-monitor/internal/monitor/monitor.go:104.69,107.3 2 0
sla-monitor/internal/monitor/monitor.go:110.2,110.67 1 0
sla-monitor/internal/monitor/monitor.go:110.67,113.42 3 0
sla-monitor/internal/monitor/monitor.go:113.42,113.74 1 0
sla-monitor/internal/monitor/monitor.go:115.3,116.49 2 0
sla-monitor/internal/monitor/monitor.go:116.49,118.28 2 0
sla-monitor/internal/monitor/monitor.go:118.28,120.5 1 0
sla-monitor/internal/monitor/monitor.go:121.4,121.50 1 0
sla-monitor/internal/monitor/monitor.go:126.49,127.26 1 0
sla-monitor/internal/monitor/monitor.go:127.26,128.16 1 0
sla-monitor/internal/monitor/monitor.go:128.16,130.4 1 0
sla-monitor/internal/monitor/monitor.go:132.2,132.14 1 0
sla-monitor/cmd/sla-monitor/main.go:25.13,30.48 1 0
sla-monitor/cmd/sla-monitor/main.go:30.48,40.18 7 0
sla-monitor/cmd/sla-monitor/main.go:40.18,43.5 2 0
sla-monitor/cmd/sla-monitor/main.go:46.4,61.16 11 0
sla-monitor/cmd/sla-monitor/main.go:66.2,73.42 7 0
sla-monitor/cmd/sla-monitor/main.go:73.42,76.3 2 0
sla-monitor/internal/config/confg.go:18.50,22.45 3 1
sla-monitor/internal/config/confg.go:22.45,23.55 1 0
sla-monitor/internal/config/confg.go:23.56,24.4 0 0
sla-monitor/internal/config/confg.go:24.9,26.4 1 0
sla-monitor/internal/config/confg.go:29.2,30.46 2 1
sla-monitor/internal/config/confg.go:30.46,32.3 1 0
sla-monitor/internal/config/confg.go:33.2,33.18 1 1
sla-monitor/internal/monitor/monitor.go:29.46,35.2 1 0
sla-monitor/internal/monitor/monitor.go:37.27,43.6 6 0
sla-monitor/internal/monitor/monitor.go:43.6,44.10 1 0
sla-monitor/internal/monitor/monitor.go:45.19,47.43 2 0
sla-monitor/internal/monitor/monitor.go:47.43,49.5 1 0
sla-monitor/internal/monitor/monitor.go:50.4,50.15 1 0
sla-monitor/internal/monitor/monitor.go:51.19,52.10 1 0
sla-monitor/internal/monitor/monitor.go:57.31,71.42 10 0
sla-monitor/internal/monitor/monitor.go:71.42,73.3 1 0
sla-monitor/internal/monitor/monitor.go:73.8,75.3 1 0
sla-monitor/internal/monitor/monitor.go:77.2,77.17 1 0
sla-monitor/internal/monitor/monitor.go:77.17,79.3 1 0
sla-monitor/internal/monitor/monitor.go:82.26,85.2 2 0
sla-monitor/internal/monitor/monitor.go:87.28,98.65 8 0
sla-monitor/internal/monitor/monitor.go:98.65,101.3 2 0
sla-monitor/internal/monitor/monitor.go:104.2,104.69 1 0
sla-monitor/internal/monitor/monitor.go:104.69,107.3 2 0
sla-monitor/internal/monitor/monitor.go:110.2,110.67 1 0
sla-monitor/internal/monitor/monitor.go:110.67,113.42 3 0
sla-monitor/internal/monitor/monitor.go:113.42,113.74 1 0
sla-monitor/internal/monitor/monitor.go:115.3,116.49 2 0
sla-monitor/internal/monitor/monitor.go:116.49,118.28 2 0
sla-monitor/internal/monitor/monitor.go:118.28,120.5 1 0
sla-monitor/internal/monitor/monitor.go:121.4,121.50 1 0
sla-monitor/internal/monitor/monitor.go:126.49,127.26 1 0
sla-monitor/internal/monitor/monitor.go:127.26,128.16 1 0
sla-monitor/internal/monitor/monitor.go:128.16,130.4 1 0
sla-monitor/internal/monitor/monitor.go:132.2,132.14 1 0
sla-monitor/cmd/sla-monitor/main.go:25.13,30.48 1 0
sla-monitor/cmd/sla-monitor/main.go:30.48,40.18 7 0
sla-monitor/cmd/sla-monitor/main.go:40.18,43.5 2 0
sla-monitor/cmd/sla-monitor/main.go:46.4,61.16 11 0
sla-monitor/cmd/sla-monitor/main.go:66.2,73.42 7 0
sla-monitor/cmd/sla-monitor/main.go:73.42,76.3 2 0
sla-monitor/internal/config/confg.go:18.50,22.45 3 0
sla-monitor/internal/config/confg.go:22.45,23.55 1 0
sla-monitor/internal/config/confg.go:23.56,24.4 0 0
sla-monitor/internal/config/confg.go:24.9,26.4 1 0
sla-monitor/internal/config/confg.go:29.2,30.46 2 0
sla-monitor/internal/config/confg.go:30.46,32.3 1 0
sla-monitor/internal/config/confg.go:33.2,33.18 1 0
sla-monitor/internal/monitor/monitor.go:29.46,35.2 1 1
sla-monitor/internal/monitor/monitor.go:37.27,43.6 6 1
sla-monitor/internal/monitor/monitor.go:43.6,44.10 1 1
sla-monitor/internal/monitor/monitor.go:45.19,47.43 2 1
sla-monitor/internal/monitor/monitor.go:47.43,49.5 1 1
sla-monitor/internal/monitor/monitor.go:50.4,50.15 1 1
sla-monitor/internal/monitor/monitor.go:51.19,52.10 1 1
sla-monitor/internal/monitor/monitor.go:57.31,71.42 10 1
sla-monitor/internal/monitor/monitor.go:71.42,73.3 1 0
sla-monitor/internal/monitor/monitor.go:73.8,75.3 1 1
sla-monitor/internal/monitor/monitor.go:77.2,77.17 1 1
sla-monitor/internal/monitor/monitor.go:77.17,79.3 1 1
sla-monitor/internal/monitor/monitor.go:82.26,85.2 2 1
sla-monitor/internal/monitor/monitor.go:87.28,98.65 8 0
sla-monitor/internal/monitor/monitor.go:98.65,101.3 2 0
sla-monitor/internal/monitor/monitor.go:104.2,104.69 1 0
sla-monitor/internal/monitor/monitor.go:104.69,107.3 2 0
sla-monitor/internal/monitor/monitor.go:110.2,110.67 1 0
sla-monitor/internal/monitor/monitor.go:110.67,113.42 3 0
sla-monitor/internal/monitor/monitor.go:113.42,113.74 1 0
sla-monitor/internal/monitor/monitor.go:115.3,116.49 2 0
sla-monitor/internal/monitor/monitor.go:116.49,118.28 2 0
sla-monitor/internal/monitor/monitor.go:118.28,120.5 1 0
sla-monitor/internal/monitor/monitor.go:121.4,121.50 1 0
sla-monitor/internal/monitor/monitor.go:126.49,127.26 1 0
sla-monitor/internal/monitor/monitor.go:127.26,128.16 1 0
sla-monitor/internal/monitor/monitor.go:128.16,130.4 1 0
sla-monitor/internal/monitor/monitor.go:132.2,132.14 1 0
